Rodando para o arquivo: entradas_teste/entrada_teste_10-1.txt
Nós percorridos = 52177
Tempo (ms) = 9.177000
1 3 5 6 11 12 
-----------------------------------
Rodando para o arquivo: entradas_teste/entrada_teste_10-2.txt
Nós percorridos = 55645
Tempo (ms) = 11.483000
1 3 7 9 12 13 
-----------------------------------
Rodando para o arquivo: entradas_teste/entrada_teste_10-3.txt
Nós percorridos = 14323
Tempo (ms) = 3.387000
1 2 8 10 15 
-----------------------------------
Rodando para o arquivo: entradas_teste/entrada_teste_10-4.txt
Nós percorridos = 121159
Tempo (ms) = 22.484000
1 2 3 4 5 12 15 
-----------------------------------
Rodando para o arquivo: entradas_teste/entrada_teste_15-1.txt
Nós percorridos = 1542267
Tempo (ms) = 398.651000
1 2 3 5 6 11 15 
-----------------------------------
Rodando para o arquivo: entradas_teste/entrada_teste_15-2.txt
Nós percorridos = 1438145
Tempo (ms) = 381.473000
5 13 20 28 29 30 
-----------------------------------
Rodando para o arquivo: entradas_teste/entrada_teste_15-3.txt
Nós percorridos = 776757
Tempo (ms) = 207.459000
2 7 11 13 14 29 
-----------------------------------
Rodando para o arquivo: entradas_teste/entrada_teste_15-4.txt
Nós percorridos = 416657
Tempo (ms) = 113.798000
1 3 6 8 17 18 
-----------------------------------
Rodando para o arquivo: entradas_teste/entrada_teste_20-1.txt
Nós percorridos = 1550887
Tempo (ms) = 508.421000
1 2 3 12 14 25 
-----------------------------------
Rodando para o arquivo: entradas_teste/entrada_teste_20-2.txt
Nós percorridos = 1702443
Tempo (ms) = 582.670000
1 3 5 8 12 31 
-----------------------------------
Rodando para o arquivo: entradas_teste/entrada_teste_20-3.txt
Nós percorridos = 1538343
Tempo (ms) = 522.143000
1 2 4 6 8 15 
-----------------------------------
Rodando para o arquivo: entradas_teste/entrada_teste_20-4.txt
Nós percorridos = 9217847
Tempo (ms) = 3185.310000
1 2 3 5 9 10 27 
-----------------------------------
Rodando para o arquivo: entradas_teste/entrada_teste_25-1.txt
Nós percorridos = 19628151
Tempo (ms) = 8030.020000
5 9 15 17 30 41 
-----------------------------------
Rodando para o arquivo: entradas_teste/entrada_teste_25-2.txt
Nós percorridos = 8839115
Tempo (ms) = 3504.735000
2 3 7 13 33 38 
-----------------------------------
Rodando para o arquivo: entradas_teste/entrada_teste_25-3.txt
Nós percorridos = 15074145
Tempo (ms) = 6566.078000
3 12 13 29 35 42 
-----------------------------------
Rodando para o arquivo: entradas_teste/entrada_teste_25-4.txt
Nós percorridos = 40687881
Tempo (ms) = 16674.955000
1 3 5 8 13 41 49 
-----------------------------------
Rodando para o arquivo: entradas_teste/entrada_teste_30-1.txt
Nós percorridos = 113833807
Tempo (ms) = 56339.260000
1 2 4 12 13 31 36 
-----------------------------------
Rodando para o arquivo: entradas_teste/entrada_teste_30-2.txt
Nós percorridos = 340998931
Tempo (ms) = 170258.760000
3 14 24 44 49 57 59 
-----------------------------------
Rodando para o arquivo: entradas_teste/entrada_teste_30-3.txt
Nós percorridos = 885309535
Tempo (ms) = 444682.724000
1 2 3 5 7 9 10 16 
-----------------------------------
Rodando para o arquivo: entradas_teste/entrada_teste_30-4.txt
Nós percorridos = 26750369
Tempo (ms) = 13293.222000
1 19 42 45 47 49 
-----------------------------------
