Rodando para o arquivo: entradas_teste/entrada_teste_10-1.txt
Nós percorridos = 1137
Tempo (ms) = 1.177000
1 3 5 6 11 12 
-----------------------------------
Rodando para o arquivo: entradas_teste/entrada_teste_10-2.txt
Nós percorridos = 619
Tempo (ms) = 0.633000
1 3 7 9 12 13 
-----------------------------------
Rodando para o arquivo: entradas_teste/entrada_teste_10-3.txt
Nós percorridos = 239
Tempo (ms) = 0.272000
1 2 8 10 15 
-----------------------------------
Rodando para o arquivo: entradas_teste/entrada_teste_10-4.txt
Nós percorridos = 131
Tempo (ms) = 0.145000
1 2 3 4 5 12 15 
-----------------------------------
Rodando para o arquivo: entradas_teste/entrada_teste_15-1.txt
Nós percorridos = 13261
Tempo (ms) = 10.320000
1 2 3 5 6 11 15 
-----------------------------------
Rodando para o arquivo: entradas_teste/entrada_teste_15-2.txt
Nós percorridos = 35295
Tempo (ms) = 24.753000
5 13 20 28 29 30 
-----------------------------------
Rodando para o arquivo: entradas_teste/entrada_teste_15-3.txt
Nós percorridos = 14921
Tempo (ms) = 11.501000
2 7 11 13 14 29 
-----------------------------------
Rodando para o arquivo: entradas_teste/entrada_teste_15-4.txt
Nós percorridos = 4167
Tempo (ms) = 3.278000
1 3 6 8 17 18 
-----------------------------------
Rodando para o arquivo: entradas_teste/entrada_teste_20-1.txt
Nós percorridos = 19617
Tempo (ms) = 22.458000
1 2 3 12 14 25 
-----------------------------------
Rodando para o arquivo: entradas_teste/entrada_teste_20-2.txt
Nós percorridos = 86579
Tempo (ms) = 94.111000
1 3 5 8 12 31 
-----------------------------------
Rodando para o arquivo: entradas_teste/entrada_teste_20-3.txt
Nós percorridos = 54169
Tempo (ms) = 64.822000
1 2 4 6 8 15 
-----------------------------------
Rodando para o arquivo: entradas_teste/entrada_teste_20-4.txt
Nós percorridos = 280657
Tempo (ms) = 352.123000
1 2 3 5 9 10 27 
-----------------------------------
Rodando para o arquivo: entradas_teste/entrada_teste_25-1.txt
Nós percorridos = 299885
Tempo (ms) = 510.044000
5 9 15 17 30 41 
-----------------------------------
Rodando para o arquivo: entradas_teste/entrada_teste_25-2.txt
Nós percorridos = 58897
Tempo (ms) = 115.245000
2 3 7 13 33 38 
-----------------------------------
Rodando para o arquivo: entradas_teste/entrada_teste_25-3.txt
Nós percorridos = 806351
Tempo (ms) = 1290.768000
3 12 13 29 35 42 
-----------------------------------
Rodando para o arquivo: entradas_teste/entrada_teste_25-4.txt
Nós percorridos = 1358093
Tempo (ms) = 2013.169000
1 3 5 8 13 41 49 
-----------------------------------
Rodando para o arquivo: entradas_teste/entrada_teste_30-1.txt
Nós percorridos = 3132231
Tempo (ms) = 5630.014000
1 2 4 12 13 31 36 
-----------------------------------
Rodando para o arquivo: entradas_teste/entrada_teste_30-2.txt
Nós percorridos = 13641287
Tempo (ms) = 25552.902000
3 14 24 44 49 57 59 
-----------------------------------
Rodando para o arquivo: entradas_teste/entrada_teste_30-3.txt
Nós percorridos = 13206579
Tempo (ms) = 29449.098000
1 2 3 5 7 9 10 16 
-----------------------------------
Rodando para o arquivo: entradas_teste/entrada_teste_30-4.txt
Nós percorridos = 1089059
Tempo (ms) = 2190.294000
1 19 42 45 47 49 
-----------------------------------
